d:\projects\opencas\anxu\trunk\xdproject\modelingplugin\base2\xdmodeling\x64\debug_occ\vc142.pdb
d:\projects\opencas\anxu\trunk\xdproject\modelingplugin\base2\xdmodeling\x64\debug_occ\vc142.idb
d:\projects\opencas\anxu\trunk\xdproject\modelingplugin\base2\xdmodeling\x64\debug_occ\offsetshapebuilder.obj
d:\projects\opencas\anxu\trunk\xdproject\modelingplugin\base2\xdmodeling\x64\debug_occ\transformshapebuilder.obj
d:\projects\opencas\anxu\trunk\xdproject\modelingplugin\base2\xdmodeling\x64\debug_occ\labelshapeadapter.obj
d:\projects\opencas\anxu\trunk\xdproject\modelingplugin\base2\xdmodeling\x64\debug_occ\brepoffsetapi_makethicksolid_extension.obj
d:\projects\opencas\anxu\trunk\xdproject\modelingplugin\base2\xdmodeling\x64\debug_occ\vertexshapebuilder.obj
d:\projects\opencas\anxu\trunk\xdproject\modelingplugin\base2\xdmodeling\x64\debug_occ\occfixtool.obj
d:\projects\opencas\anxu\trunk\xdproject\modelingplugin\base2\xdmodeling\x64\debug_occ\shapeoperationbuilder.obj
d:\projects\opencas\anxu\trunk\xdproject\modelingplugin\base2\xdmodeling\x64\debug_occ\occshapebuilder.obj
d:\projects\opencas\anxu\trunk\xdproject\modelingplugin\base2\xdmodeling\x64\debug_occ\occmodel.obj
d:\projects\opencas\anxu\trunk\xdproject\modelingplugin\base2\xdmodeling\x64\debug_occ\occbasictools.obj
d:\projects\opencas\anxu\trunk\xdproject\modelingplugin\base2\xdmodeling\x64\debug_occ\occapplication.obj
d:\projects\opencas\anxu\trunk\xdproject\modelingplugin\base2\xdmodeling\x64\debug_occ\labelutilities.obj
d:\projects\opencas\anxu\trunk\xdproject\modelingplugin\base2\xdmodeling\x64\debug_occ\ioshapebuilder.obj
d:\projects\opencas\anxu\trunk\xdproject\modelingplugin\base2\xdmodeling\x64\debug_occ\filletshapebuilder.obj
d:\projects\opencas\anxu\trunk\xdproject\modelingplugin\base2\xdmodeling\x64\debug_occ\faceoperationbuilder.obj
d:\projects\opencas\anxu\trunk\xdproject\modelingplugin\base2\xdmodeling\x64\debug_occ\edgeoperationbuilder.obj
d:\projects\opencas\anxu\trunk\xdproject\modelingplugin\base2\xdmodeling\x64\debug_occ\brepfilletapi_makefillet2d_extension.obj
d:\projects\opencas\anxu\trunk\xdproject\modelingplugin\base2\xdmodeling\x64\debug_occ\brepalgoapi_intss.obj
d:\projects\opencas\anxu\trunk\xdproject\modelingplugin\base2\xdmodeling\x64\debug_occ\brepalgoapi_intcs.obj
d:\projects\opencas\anxu\trunk\xdproject\modelingplugin\base2\xdmodeling\x64\debug_occ\booleanshapebuilder.obj
d:\projects\opencas\anxu\trunk\xdproject\modelingplugin\base2\xdmodeling\x64\debug_occ\solidshapebuilder.obj
d:\projects\opencas\anxu\trunk\xdproject\modelingplugin\base2\xdmodeling\x64\debug_occ\shapeutilities.obj
d:\projects\opencas\anxu\trunk\xdproject\modelingplugin\base2\xdmodeling\x64\debug_occ\sweepshapebuilder.obj
d:\projects\opencas\anxu\trunk\xdproject\modelingplugin\base2\xdmodeling\x64\debug_occ\occmodelbuilder.obj
d:\projects\opencas\anxu\trunk\xdproject\modelingplugin\base2\xdmodeling\x64\debug_occ\geom_boundedmathsurface.obj
d:\projects\opencas\anxu\trunk\xdproject\modelingplugin\base2\xdmodeling\x64\debug_occ\geom_boundedmathcurve.obj
d:\projects\opencas\anxu\trunk\xdproject\modelingplugin\base2\xdmodeling\x64\debug_occ\faceshapebuilder.obj
d:\projects\opencas\anxu\trunk\xdproject\modelingplugin\base2\xdmodeling\x64\debug_occ\exprtk_benchmark.obj
d:\projects\opencas\anxu\trunk\xdproject\modelingplugin\base2\xdmodeling\x64\debug_occ\edgeshapebuilder.obj
d:\projects\opencas\anxu\trunk\xdproject\modelingplugin\base2\xdmodeling\x64\debug_occ\occalgo.obj
d:\projects\opencas\anxu\trunk\xdproject\modelingplugin\xdp\product\win64d\bin\xdmodeling.dll
d:\projects\opencas\anxu\trunk\xdproject\modelingplugin\base2\xdmodeling\x64\debug_occ\xdmodeling.ilk
d:\projects\opencas\anxu\trunk\xdproject\modelingplugin\xdp\product\win64d\bin\xdmodeling.pdb
d:\projects\opencas\anxu\trunk\xdproject\modelingplugin\xdp\lib\win64d\xdmodeling.lib
d:\projects\opencas\anxu\trunk\xdproject\modelingplugin\xdp\lib\win64d\xdmodeling.exp
d:\projects\opencas\anxu\trunk\xdproject\modelingplugin\base2\xdmodeling\x64\debug_occ\xdmodeling.tlog\cl.command.1.tlog
d:\projects\opencas\anxu\trunk\xdproject\modelingplugin\base2\xdmodeling\x64\debug_occ\xdmodeling.tlog\cl.read.1.tlog
d:\projects\opencas\anxu\trunk\xdproject\modelingplugin\base2\xdmodeling\x64\debug_occ\xdmodeling.tlog\cl.write.1.tlog
d:\projects\opencas\anxu\trunk\xdproject\modelingplugin\base2\xdmodeling\x64\debug_occ\xdmodeling.tlog\link.13736.delete.1.tlog
d:\projects\opencas\anxu\trunk\xdproject\modelingplugin\base2\xdmodeling\x64\debug_occ\xdmodeling.tlog\link.5124.delete.1.tlog
d:\projects\opencas\anxu\trunk\xdproject\modelingplugin\base2\xdmodeling\x64\debug_occ\xdmodeling.tlog\link.command.1.tlog
d:\projects\opencas\anxu\trunk\xdproject\modelingplugin\base2\xdmodeling\x64\debug_occ\xdmodeling.tlog\link.delete.1.tlog
d:\projects\opencas\anxu\trunk\xdproject\modelingplugin\base2\xdmodeling\x64\debug_occ\xdmodeling.tlog\link.read.1.tlog
d:\projects\opencas\anxu\trunk\xdproject\modelingplugin\base2\xdmodeling\x64\debug_occ\xdmodeling.tlog\link.write.1.tlog
d:\projects\opencas\anxu\trunk\xdproject\modelingplugin\base2\xdmodeling\x64\debug_occ\xdmodeling.tlog\xdmodeling.write.1u.tlog
